Configuring persistent-template-2.5.1.6...
Building persistent-template-2.5.1.6...
Preprocessing library persistent-template-2.5.1.6...

Database/Persist/TH.hs:12:14: warning:
    -XOverlappingInstances is deprecated: instead use per-instance pragmas OVERLAPPING/OVERLAPPABLE/OVERLAPS
[1 of 1] Compiling Database.Persist.TH ( Database/Persist/TH.hs, .stack-work/dist/x86_64-osx/Cabal-1.24.2.0/build/Database/Persist/TH.o )

Database/Persist/TH.hs:80:1: warning: [-Wunused-imports]
    The import of ‘parseUrlPieceMaybe’
    from module ‘Web.HttpApiData’ is redundant

Database/Persist/TH.hs:249:26: warning: [-Wunused-matches]
    Defined but not used: ‘x’

Database/Persist/TH.hs:284:22: warning: [-Wname-shadowing]
    This binding for ‘ent’ shadows the existing binding
      bound at Database/Persist/TH.hs:264:41

Database/Persist/TH.hs:1396:28: warning: [-Wunused-matches]
    Defined but not used: ‘ft’

Database/Persist/TH.hs:1400:36: warning: [-Wname-shadowing]
    This binding for ‘ft’ shadows the existing binding
      bound at Database/Persist/TH.hs:1396:28
Installing library in
/Users/v0d1ch/.stack/snapshots/x86_64-osx/lts-8.4/8.0.2/lib/x86_64-osx-ghc-8.0.2/persistent-template-2.5.1.6-7LVrRfPJL68C14HU1gW0R8
Registering persistent-template-2.5.1.6...
